PLINK v1.90b3.45 64-bit (13 Jan 2017)
Options in effect:
  --file 7_SNPs_bespokefixed_v4_minRGQ1minGQ20minDP10maxHet0.99missing2_5_v4_mergeGaTKfiltered_4Caracals_joint_allchr_RENAMEDchr_PLINK
  --het

Hostname: n2190
Working directory: /u/project/kirk-bigdata/ckyriazi/caracal_pipeline/scripts/step13c_IBD_ROH/plink
Start time: Fri Oct  5 12:47:35 2018

Random number seed: 1538768855
32238 MB RAM detected; reserving 16119 MB for main workspace.
Scanning .ped file... done.
Performing single-pass .bed write (20573947 variants, 4 people).
--file: plink-temporary.bed + plink-temporary.bim + plink-temporary.fam
written.
20573947 variants loaded from .bim file.
4 people (0 males, 0 females, 4 ambiguous) loaded from .fam.
Ambiguous sex IDs written to plink.nosex .
Using 1 thread (no multithreaded calculations invoked).
Before main variant filters, 4 founders and 0 nonfounders present.
Calculating allele frequencies... done.
Total genotyping rate is 0.971876.
20573947 variants and 4 people pass filters and QC.
Note: No phenotypes present.
--het: 3252938 variants scanned, report written to plink.het .

End time: Fri Oct  5 12:48:14 2018
